<?xml version="1.0" encoding="UTF-8"?>
<testng-results ignored="0" total="1" passed="1" failed="0" skipped="0">
  <reporter-output>
  </reporter-output>
  <suite started-at="2022-10-12T12:23:53 IST" name="Default suite" finished-at="2022-10-12T12:23:56 IST" duration-ms="2798">
    <groups>
    </groups>
    <test started-at="2022-10-12T12:23:53 IST" name="Default test" finished-at="2022-10-12T12:23:56 IST" duration-ms="2798">
      <class name="com.RestApi.ComplexNestedJson">
        <test-method signature="test()[pri:0, instance:com.RestApi.ComplexNestedJson@37654521]" started-at="2022-10-12T12:23:53 IST" name="test" finished-at="2022-10-12T12:23:56 IST" duration-ms="2738" status="PASS">
          <reporter-output>
          </reporter-output>
        </test-method> <!-- test -->
      </class> <!-- com.RestApi.ComplexNestedJson -->
    </test> <!-- Default test -->
  </suite> <!-- Default suite -->
</testng-results>
